<?xml version="1.0" encoding="UTF-8"?>
<!-- Generated by org.testng.reporters.JUnitReportReporter -->
<testsuite hostname="coinsecure36" name="ExchangeTradeData.exchangeAskCompleted" tests="1" failures="0" timestamp="4 Jan 2018 11:17:25 GMT" time="6.231" errors="0">
  <testcase name="AskCompleted" time="6.231" classname="ExchangeTradeData.exchangeAskCompleted"/>
</testsuite> <!-- ExchangeTradeData.exchangeAskCompleted -->
