<?xml version="1.0" encoding="UTF-8"?>
<!-- Generated by org.testng.reporters.JUnitReportReporter -->
<testsuite hostname="coinsecure36" name="AccountActions.userProfilePhoneOtp" tests="1" failures="0" timestamp="3 Jan 2018 05:20:22 GMT" time="6.686" errors="0">
  <testcase name="apigetProfilephnotp" time="6.686" classname="AccountActions.userProfilePhoneOtp"/>
</testsuite> <!-- AccountActions.userProfilePhoneOtp -->
