<?xml version="1.0" encoding="UTF-8"?>
<!-- Generated by org.testng.reporters.JUnitReportReporter -->
<testsuite hostname="coinsecure36" name="ExchangeBankFiatData.bankFiatDepositCancelled" tests="1" failures="0" timestamp="4 Jan 2018 08:52:48 GMT" time="6.429" errors="0">
  <testcase name="FiatDepositCancelled" time="6.429" classname="ExchangeBankFiatData.bankFiatDepositCancelled"/>
</testsuite> <!-- ExchangeBankFiatData.bankFiatDepositCancelled -->
