<?xml version="1.0" encoding="UTF-8"?>
<!-- Generated by org.testng.reporters.JUnitReportReporter -->
<testsuite hostname="coinsecure36" name="ExchangeBankFiatData.bankFiatWithdrawVerified" tests="1" failures="0" timestamp="4 Jan 2018 09:53:38 GMT" time="6.082" errors="0">
  <testcase name="FiatWithdrawVerified" time="6.082" classname="ExchangeBankFiatData.bankFiatWithdrawVerified"/>
</testsuite> <!-- ExchangeBankFiatData.bankFiatWithdrawVerified -->
