<?xml version="1.0" encoding="UTF-8"?>
<!-- Generated by org.testng.reporters.JUnitReportReporter -->
<testsuite hostname="coinsecure36" name="ExchangeBankFiatData.bankFiatWithdrawCancelled" tests="1" failures="0" timestamp="4 Jan 2018 09:29:35 GMT" time="6.212" errors="0">
  <testcase name="FiatWithdrawCancelled" time="6.212" classname="ExchangeBankFiatData.bankFiatWithdrawCancelled"/>
</testsuite> <!-- ExchangeBankFiatData.bankFiatWithdrawCancelled -->
