<?xml version="1.0" encoding="UTF-8"?>
<!-- Generated by org.testng.reporters.JUnitReportReporter -->
<testsuite hostname="coinsecure36" name="ExchangeTradeData.exchangeAskPending" tests="1" failures="0" timestamp="8 Jan 2018 04:07:49 GMT" time="7.194" errors="0">
  <testcase name="AskPending" time="7.194" classname="ExchangeTradeData.exchangeAskPending"/>
</testsuite> <!-- ExchangeTradeData.exchangeAskPending -->
