<?xml version="1.0" encoding="UTF-8"?>
<!-- Generated by org.testng.reporters.JUnitReportReporter -->
<testsuite hostname="coinsecure36" name="ExchangeTradeData.exchangeBidPending" tests="1" failures="0" timestamp="8 Jan 2018 05:08:38 GMT" time="11.101" errors="0">
  <testcase name="BidPending" time="11.101" classname="ExchangeTradeData.exchangeBidPending"/>
</testsuite> <!-- ExchangeTradeData.exchangeBidPending -->
