<?xml version="1.0" encoding="UTF-8"?>
<!-- Generated by org.testng.reporters.JUnitReportReporter -->
<testsuite hostname="coinsecure36" name="ExchangeBankFiatData.bankFiatDepositUnverified" tests="1" failures="0" timestamp="4 Jan 2018 09:00:49 GMT" time="7.281" errors="0">
  <testcase name="FiatDepositUnverified" time="7.281" classname="ExchangeBankFiatData.bankFiatDepositUnverified"/>
</testsuite> <!-- ExchangeBankFiatData.bankFiatDepositUnverified -->
