<?xml version="1.0" encoding="UTF-8"?>
<!-- Generated by org.testng.reporters.JUnitReportReporter -->
<testsuite hostname="coinsecure36" name="AccountActions.userKycOtp" tests="1" failures="0" timestamp="3 Jan 2018 05:18:54 GMT" time="5.730" errors="0">
  <testcase name="apigetKYCotp" time="5.730" classname="AccountActions.userKycOtp"/>
</testsuite> <!-- AccountActions.userKycOtp -->
