<?xml version="1.0" encoding="UTF-8"?>
<!-- Generated by org.testng.reporters.JUnitReportReporter -->
<testsuite hostname="coinsecure36" name="ExchangeTradeData.exchangeAskCancelled" tests="1" failures="0" timestamp="4 Jan 2018 11:00:06 GMT" time="6.936" errors="0">
  <testcase name="AskCancelled" time="6.936" classname="ExchangeTradeData.exchangeAskCancelled"/>
</testsuite> <!-- ExchangeTradeData.exchangeAskCancelled -->
