<?xml version="1.0" encoding="UTF-8"?>
<!-- Generated by org.testng.reporters.JUnitReportReporter -->
<testsuite hostname="coinsecure36" name="ExchangeBankCoinData.bankCoinWithdrawVerified" tests="1" failures="0" timestamp="4 Jan 2018 07:41:48 GMT" time="6.933" errors="0">
  <testcase name="CoinWithdrawverified" time="6.933" classname="ExchangeBankCoinData.bankCoinWithdrawVerified"/>
</testsuite> <!-- ExchangeBankCoinData.bankCoinWithdrawVerified -->
