<?xml version="1.0" encoding="UTF-8"?>
<!-- Generated by org.testng.reporters.JUnitReportReporter -->
<testsuite hostname="coinsecure36" name="ExchangeBankCoinData.bankCoinDepositCancelled" tests="1" failures="0" timestamp="4 Jan 2018 05:06:09 GMT" time="7.774" errors="0">
  <testcase name="CoinDepositCancelled" time="7.774" classname="ExchangeBankCoinData.bankCoinDepositCancelled"/>
</testsuite> <!-- ExchangeBankCoinData.bankCoinDepositCancelled -->
