<?xml version="1.0" encoding="UTF-8"?>
<!-- Generated by org.testng.reporters.JUnitReportReporter -->
<testsuite hostname="coinsecure36" name="AccountActions.userBankotp" tests="1" failures="0" timestamp="3 Jan 2018 05:06:09 GMT" time="6.497" errors="0">
  <testcase name="apigetBankotp" time="6.497" classname="AccountActions.userBankotp"/>
</testsuite> <!-- AccountActions.userBankotp -->
