<?xml version="1.0" encoding="UTF-8"?>
<!-- Generated by org.testng.reporters.JUnitReportReporter -->
<testsuite hostname="coinsecure36" name="ExchangeBankFiatData.bankFiatWithdrawCompleted" tests="1" failures="0" timestamp="4 Jan 2018 09:40:45 GMT" time="8.022" errors="0">
  <testcase name="FiatWithdrawCompleted" time="8.022" classname="ExchangeBankFiatData.bankFiatWithdrawCompleted"/>
</testsuite> <!-- ExchangeBankFiatData.bankFiatWithdrawCompleted -->
