<?xml version="1.0" encoding="UTF-8"?>
<!-- Generated by org.testng.reporters.JUnitReportReporter -->
<testsuite hostname="coinsecure36" name="apiTestCases.apiTest" tests="1" failures="0" timestamp="2 Jan 2018 11:28:09 GMT" time="6.226" errors="0">
  <testcase name="exchangeBanksummary" time="6.226" classname="apiTestCases.apiTest"/>
</testsuite> <!-- apiTestCases.apiTest -->
