<?xml version="1.0" encoding="UTF-8"?>
<!-- Generated by org.testng.reporters.JUnitReportReporter -->
<testsuite hostname="coinsecure36" name="ExchangeBankCoinData.bankCoinWithdrawCompleted" tests="1" failures="0" timestamp="4 Jan 2018 06:21:31 GMT" time="6.402" errors="0">
  <testcase name="CoinWithdrawCompleted" time="6.402" classname="ExchangeBankCoinData.bankCoinWithdrawCompleted"/>
</testsuite> <!-- ExchangeBankCoinData.bankCoinWithdrawCompleted -->
