<?xml version="1.0" encoding="UTF-8"?>
<!-- Generated by org.testng.reporters.JUnitReportReporter -->
<testsuite hostname="coinsecure36" name="ExchangeTradeData.exchangeBidCancelled" tests="1" failures="0" timestamp="8 Jan 2018 04:32:52 GMT" time="8.043" errors="0">
  <testcase name="BidCancelled" time="8.043" classname="ExchangeTradeData.exchangeBidCancelled"/>
</testsuite> <!-- ExchangeTradeData.exchangeBidCancelled -->
