<?xml version="1.0" encoding="UTF-8"?>
<!-- Generated by org.testng.reporters.JUnitReportReporter -->
<testsuite hostname="coinsecure36" name="ExchangeTradeData.exchangeBidCompleted" tests="1" failures="0" timestamp="8 Jan 2018 04:42:45 GMT" time="6.135" errors="0">
  <testcase name="BidCompleted" time="6.135" classname="ExchangeTradeData.exchangeBidCompleted"/>
</testsuite> <!-- ExchangeTradeData.exchangeBidCompleted -->
