<?xml version="1.0" encoding="UTF-8"?>
<!-- Generated by org.testng.reporters.JUnitReportReporter -->
<testsuite hostname="coinsecure36" name="ExchangeTradeData.exchangeLegacyTicker" tests="1" failures="0" timestamp="4 Jan 2018 10:52:22 GMT" time="6.920" errors="0">
  <testcase name="LegacyTicker" time="6.920" classname="ExchangeTradeData.exchangeLegacyTicker"/>
</testsuite> <!-- ExchangeTradeData.exchangeLegacyTicker -->
