<?xml version="1.0" encoding="UTF-8"?>
<!-- Generated by org.testng.reporters.JUnitReportReporter -->
<testsuite hostname="coinsecure36" name="ExchangeBankFiatData.bankFiatDepositVerified" tests="1" failures="0" timestamp="4 Jan 2018 09:20:12 GMT" time="7.032" errors="0">
  <testcase name="FiatDepositVerified" time="7.032" classname="ExchangeBankFiatData.bankFiatDepositVerified"/>
</testsuite> <!-- ExchangeBankFiatData.bankFiatDepositVerified -->
