<?xml version="1.0" encoding="UTF-8"?>
<!-- Generated by org.testng.reporters.JUnitReportReporter -->
<testsuite hostname="coinsecure36" name="ExchangeBankCoinData.bankCoinWithdrawUnverified" tests="1" failures="0" timestamp="4 Jan 2018 07:22:19 GMT" time="6.866" errors="0">
  <testcase name="CoinWithdrawUnverified" time="6.866" classname="ExchangeBankCoinData.bankCoinWithdrawUnverified"/>
</testsuite> <!-- ExchangeBankCoinData.bankCoinWithdrawUnverified -->
