<?xml version="1.0" encoding="UTF-8"?>
<!-- Generated by org.testng.reporters.JUnitReportReporter -->
<testsuite hostname="coinsecure36" name="ExchangeBankFiatData.bankFiatWithdrawUnverified" tests="1" failures="0" timestamp="4 Jan 2018 09:48:45 GMT" time="6.124" errors="0">
  <testcase name="FiatWithdrawUnverified" time="6.124" classname="ExchangeBankFiatData.bankFiatWithdrawUnverified"/>
</testsuite> <!-- ExchangeBankFiatData.bankFiatWithdrawUnverified -->
