<?xml version="1.0" encoding="UTF-8"?>
<!-- Generated by org.testng.reporters.JUnitReportReporter -->
<testsuite hostname="coinsecure36" name="ExchangeBankCoinData.bankCoinWithdrawCancelled" tests="1" failures="0" timestamp="4 Jan 2018 06:14:19 GMT" time="6.643" errors="0">
  <testcase name="CoinWithdrawCancelled" time="6.643" classname="ExchangeBankCoinData.bankCoinWithdrawCancelled"/>
</testsuite> <!-- ExchangeBankCoinData.bankCoinWithdrawCancelled -->
