<?xml version="1.0" encoding="UTF-8"?>
<!-- Generated by org.testng.reporters.JUnitReportReporter -->
<testsuite hostname="coinsecure36" name="ExchangeBankCoinData.bankCoinDepositUnverified" tests="1" failures="0" timestamp="4 Jan 2018 05:45:20 GMT" time="6.129" errors="0">
  <testcase name="CoinDepositUnverified" time="6.129" classname="ExchangeBankCoinData.bankCoinDepositUnverified"/>
</testsuite> <!-- ExchangeBankCoinData.bankCoinDepositUnverified -->
